{"/home/tiagoconceicaodossantos/Documentos/workspace/jsexpert-challenge04-datatypes/src/entity/User.js": {"path":"/home/tiagoconceicaodossantos/Documentos/workspace/jsexpert-challenge04-datatypes/src/entity/User.js","all":false,"statementMap":{"0":{"start":{"line":1,"column":0},"end":{"line":1,"column":12}},"1":{"start":{"line":2,"column":0},"end":{"line":2,"column":23}},"2":{"start":{"line":3,"column":0},"end":{"line":3,"column":17}},"3":{"start":{"line":4,"column":0},"end":{"line":4,"column":3}},"4":{"start":{"line":5,"column":0},"end":{"line":5,"column":107}},"5":{"start":{"line":6,"column":0},"end":{"line":6,"column":29}},"6":{"start":{"line":7,"column":0},"end":{"line":7,"column":30}},"7":{"start":{"line":8,"column":0},"end":{"line":8,"column":3}},"8":{"start":{"line":9,"column":0},"end":{"line":9,"column":0}},"9":{"start":{"line":10,"column":0},"end":{"line":10,"column":14}},"10":{"start":{"line":11,"column":0},"end":{"line":11,"column":28}},"11":{"start":{"line":12,"column":0},"end":{"line":12,"column":3}},"12":{"start":{"line":13,"column":0},"end":{"line":13,"column":0}},"13":{"start":{"line":14,"column":0},"end":{"line":14,"column":1}},"14":{"start":{"line":15,"column":0},"end":{"line":15,"column":0}},"15":{"start":{"line":16,"column":0},"end":{"line":16,"column":20}}},"s":{"0":1,"1":1,"2":1,"3":1,"4":1,"5":1,"6":1,"7":1,"8":1,"9":1,"10":1,"11":1,"12":1,"13":1,"14":1,"15":1},"branchMap":{},"b":{},"fnMap":{"0":{"name":"toString","decl":{"start":{"line":5,"column":2},"end":{"line":6,"column":28}},"loc":{"start":{"line":5,"column":2},"end":{"line":6,"column":28}},"line":5}},"f":{"0":0}}
,"/home/tiagoconceicaodossantos/Documentos/workspace/jsexpert-challenge04-datatypes/src/entity/Users.js": {"path":"/home/tiagoconceicaodossantos/Documentos/workspace/jsexpert-challenge04-datatypes/src/entity/Users.js","all":false,"statementMap":{"0":{"start":{"line":1,"column":0},"end":{"line":1,"column":29}},"1":{"start":{"line":2,"column":0},"end":{"line":2,"column":0}},"2":{"start":{"line":3,"column":0},"end":{"line":3,"column":60}},"3":{"start":{"line":4,"column":0},"end":{"line":4,"column":30}},"4":{"start":{"line":5,"column":0},"end":{"line":5,"column":13}},"5":{"start":{"line":6,"column":0},"end":{"line":6,"column":17}},"6":{"start":{"line":7,"column":0},"end":{"line":7,"column":99}},"7":{"start":{"line":8,"column":0},"end":{"line":8,"column":20}},"8":{"start":{"line":9,"column":0},"end":{"line":9,"column":3}},"9":{"start":{"line":10,"column":0},"end":{"line":10,"column":0}},"10":{"start":{"line":11,"column":0},"end":{"line":11,"column":16}},"11":{"start":{"line":12,"column":0},"end":{"line":12,"column":35}},"12":{"start":{"line":13,"column":0},"end":{"line":13,"column":50}},"13":{"start":{"line":14,"column":0},"end":{"line":14,"column":27}},"14":{"start":{"line":15,"column":0},"end":{"line":15,"column":3}},"15":{"start":{"line":16,"column":0},"end":{"line":16,"column":0}},"16":{"start":{"line":17,"column":0},"end":{"line":17,"column":14}},"17":{"start":{"line":18,"column":0},"end":{"line":18,"column":72}},"18":{"start":{"line":19,"column":0},"end":{"line":19,"column":34}},"19":{"start":{"line":20,"column":0},"end":{"line":20,"column":3}},"20":{"start":{"line":21,"column":0},"end":{"line":21,"column":0}},"21":{"start":{"line":22,"column":0},"end":{"line":22,"column":64}},"22":{"start":{"line":23,"column":0},"end":{"line":23,"column":24}},"23":{"start":{"line":24,"column":0},"end":{"line":24,"column":34}},"24":{"start":{"line":25,"column":0},"end":{"line":25,"column":16}},"25":{"start":{"line":26,"column":0},"end":{"line":26,"column":5}},"26":{"start":{"line":27,"column":0},"end":{"line":27,"column":3}},"27":{"start":{"line":28,"column":0},"end":{"line":28,"column":1}},"28":{"start":{"line":29,"column":0},"end":{"line":29,"column":0}},"29":{"start":{"line":30,"column":0},"end":{"line":30,"column":21}}},"s":{"0":1,"1":1,"2":2,"3":2,"4":2,"5":2,"6":2,"7":11,"8":11,"9":11,"10":11,"11":1,"12":2,"13":2,"14":2,"15":2,"16":2,"17":2,"18":1,"19":1,"20":1,"21":1,"22":1,"23":1,"24":1,"25":1,"26":1,"27":1,"28":1,"29":1},"branchMap":{"0":{"type":"branch","line":3,"loc":{"start":{"line":3,"column":0},"end":{"line":7,"column":99}},"locations":[{"start":{"line":3,"column":0},"end":{"line":7,"column":99}}]},"1":{"type":"branch","line":7,"loc":{"start":{"line":7,"column":4},"end":{"line":12,"column":21}},"locations":[{"start":{"line":7,"column":4},"end":{"line":12,"column":21}}]},"2":{"type":"branch","line":12,"loc":{"start":{"line":12,"column":26},"end":{"line":18,"column":72}},"locations":[{"start":{"line":12,"column":26},"end":{"line":18,"column":72}}]},"3":{"type":"branch","line":22,"loc":{"start":{"line":22,"column":2},"end":{"line":22,"column":64}},"locations":[{"start":{"line":22,"column":2},"end":{"line":22,"column":64}}]}},"b":{"0":[2],"1":[11],"2":[2],"3":[10]},"fnMap":{"0":{"name":"Users","decl":{"start":{"line":3,"column":0},"end":{"line":7,"column":99}},"loc":{"start":{"line":3,"column":0},"end":{"line":7,"column":99}},"line":3},"1":{"name":"add","decl":{"start":{"line":7,"column":4},"end":{"line":12,"column":21}},"loc":{"start":{"line":7,"column":4},"end":{"line":12,"column":21}},"line":7},"2":{"name":"hasUsers","decl":{"start":{"line":12,"column":26},"end":{"line":18,"column":72}},"loc":{"start":{"line":12,"column":26},"end":{"line":18,"column":72}},"line":12}},"f":{"0":2,"1":11,"2":2}}
}
