TN:
SF:src/config/terminal.js
FNF:0
FNH:0
DA:1,1
DA:2,1
DA:3,1
DA:4,1
DA:5,1
DA:6,1
DA:7,1
DA:8,1
DA:9,1
DA:10,1
DA:11,1
DA:12,1
DA:13,1
DA:14,1
LF:14
LH:14
BRDA:1,0,0,1
BRF:1
BRH:1
end_of_record
TN:
SF:src/entity/Crypto.js
FN:2,Crypto
FNF:1
FNH:1
FNDA:12,Crypto
DA:1,1
DA:2,1
DA:3,12
DA:4,12
DA:5,12
DA:6,12
DA:7,12
DA:8,12
DA:9,12
DA:10,1
DA:11,1
DA:12,1
LF:12
LH:12
BRDA:1,0,0,1
BRDA:2,1,0,12
BRF:2
BRH:2
end_of_record
TN:
SF:src/util/CustomTerminal.js
FN:16,CustomTerminal
FN:23,initialize
FN:31,draftTable
FN:39,hasDataToPrint
FN:47,addDataToPrint
FN:58,getDataById
FN:63,removeDataById
FN:70,plotQuoteChart
FN:82,print
FN:86,printSuccess
FN:90,printInfo
FN:94,printError
FN:98,readLine
FN:102,wait
FN:106,close
FN:110,get length
FNF:16
FNH:8
FNDA:5,CustomTerminal
FNDA:5,initialize
FNDA:1,draftTable
FNDA:1,hasDataToPrint
FNDA:4,addDataToPrint
FNDA:1,getDataById
FNDA:1,removeDataById
FNDA:0,plotQuoteChart
FNDA:0,print
FNDA:0,printSuccess
FNDA:0,printInfo
FNDA:0,printError
FNDA:0,readLine
FNDA:0,wait
FNDA:0,close
FNDA:4,get length
DA:1,1
DA:2,1
DA:3,1
DA:4,1
DA:5,1
DA:6,1
DA:7,1
DA:8,1
DA:9,1
DA:10,1
DA:11,1
DA:12,1
DA:13,1
DA:14,1
DA:15,1
DA:16,1
DA:17,5
DA:18,5
DA:19,5
DA:20,5
DA:21,5
DA:22,1
DA:23,1
DA:24,5
DA:25,5
DA:26,5
DA:27,5
DA:28,5
DA:29,5
DA:30,1
DA:31,1
DA:32,1
DA:33,1
DA:34,1
DA:35,1
DA:36,1
DA:37,1
DA:38,1
DA:39,1
DA:40,1
DA:41,1
DA:42,1
DA:43,1
DA:44,1
DA:45,1
DA:46,1
DA:47,1
DA:48,4
DA:49,4
DA:50,4
DA:51,4
DA:52,4
DA:53,4
DA:54,4
DA:55,4
DA:56,4
DA:57,1
DA:58,1
DA:59,1
DA:60,1
DA:61,1
DA:62,1
DA:63,1
DA:64,1
DA:65,1
DA:66,1
DA:67,1
DA:68,1
DA:69,1
DA:70,1
DA:71,0
DA:72,0
DA:73,0
DA:74,0
DA:75,0
DA:76,0
DA:77,0
DA:78,0
DA:79,0
DA:80,0
DA:81,1
DA:82,1
DA:83,0
DA:84,0
DA:85,1
DA:86,1
DA:87,0
DA:88,0
DA:89,1
DA:90,1
DA:91,0
DA:92,0
DA:93,1
DA:94,1
DA:95,0
DA:96,0
DA:97,1
DA:98,1
DA:99,0
DA:100,0
DA:101,1
DA:102,1
DA:103,0
DA:104,0
DA:105,1
DA:106,1
DA:107,0
DA:108,0
DA:109,1
DA:110,1
DA:111,4
DA:112,4
DA:113,1
DA:114,1
DA:115,1
LF:115
LH:91
BRDA:1,0,0,1
BRDA:16,1,0,5
BRDA:23,2,0,5
BRDA:31,3,0,1
BRDA:39,4,0,1
BRDA:47,5,0,4
BRDA:58,6,0,1
BRDA:60,7,0,1
BRDA:63,8,0,1
BRDA:65,9,0,1
BRDA:66,10,0,3
BRDA:110,11,0,4
BRF:12
BRH:12
end_of_record
